c:\users\jjh\desktop\--\client\default\x64\debug\client.pch
c:\users\jjh\desktop\--\client\default\x64\debug\vc140.pdb
c:\users\jjh\desktop\--\client\default\x64\debug\vc140.idb
c:\users\jjh\desktop\--\client\default\x64\debug\stdafx.obj
c:\users\jjh\desktop\--\client\default\x64\debug\soundmgr.obj
c:\users\jjh\desktop\--\client\default\x64\debug\statsicon.obj
c:\users\jjh\desktop\--\client\default\x64\debug\statswnd.obj
c:\users\jjh\desktop\--\client\default\x64\debug\stone.obj
c:\users\jjh\desktop\--\client\default\x64\debug\terrain.obj
c:\users\jjh\desktop\--\client\default\x64\debug\terrainrect.obj
c:\users\jjh\desktop\--\client\default\x64\debug\thundercloud.obj
c:\users\jjh\desktop\--\client\default\x64\debug\thundersword.obj
c:\users\jjh\desktop\--\client\default\x64\debug\tornado.obj
c:\users\jjh\desktop\--\client\default\x64\debug\town.obj
c:\users\jjh\desktop\--\client\default\x64\debug\ui.obj
c:\users\jjh\desktop\--\client\default\x64\debug\useskill.obj
c:\users\jjh\desktop\--\client\default\x64\debug\village_chief.obj
c:\users\jjh\desktop\--\client\default\x64\debug\village_quest1.obj
c:\users\jjh\desktop\--\client\default\x64\debug\village_quest2.obj
c:\users\jjh\desktop\--\client\default\x64\debug\wind.obj
c:\users\jjh\desktop\--\client\default\x64\debug\wing.obj
c:\users\jjh\desktop\--\client\default\x64\debug\worldhpbar.obj
c:\users\jjh\desktop\--\client\default\x64\debug\xbox.obj
c:\users\jjh\desktop\--\client\default\x64\debug\client.obj
c:\users\jjh\desktop\--\client\default\x64\debug\loader.obj
c:\users\jjh\desktop\--\client\default\x64\debug\mainapp.obj
c:\users\jjh\desktop\--\client\default\x64\debug\meteor.obj
c:\users\jjh\desktop\--\client\default\x64\debug\meteoreff.obj
c:\users\jjh\desktop\--\client\default\x64\debug\monster.obj
c:\users\jjh\desktop\--\client\default\x64\debug\player.obj
c:\users\jjh\desktop\--\client\default\x64\debug\playerinfo.obj
c:\users\jjh\desktop\--\client\default\x64\debug\playermpbar.obj
c:\users\jjh\desktop\--\client\default\x64\debug\plusbox.obj
c:\users\jjh\desktop\--\client\default\x64\debug\poisonarrow.obj
c:\users\jjh\desktop\--\client\default\x64\debug\poring.obj
c:\users\jjh\desktop\--\client\default\x64\debug\portal.obj
c:\users\jjh\desktop\--\client\default\x64\debug\quickslot.obj
c:\users\jjh\desktop\--\client\default\x64\debug\rain.obj
c:\users\jjh\desktop\--\client\default\x64\debug\house2.obj
c:\users\jjh\desktop\--\client\default\x64\debug\shadow.obj
c:\users\jjh\desktop\--\client\default\x64\debug\skillicon.obj
c:\users\jjh\desktop\--\client\default\x64\debug\skillslot.obj
c:\users\jjh\desktop\--\client\default\x64\debug\skillwnd.obj
c:\users\jjh\desktop\--\client\default\x64\debug\sky.obj
c:\users\jjh\desktop\--\client\default\x64\debug\expbar.obj
c:\users\jjh\desktop\--\client\default\x64\debug\expblank.obj
c:\users\jjh\desktop\--\client\default\x64\debug\explogo.obj
c:\users\jjh\desktop\--\client\default\x64\debug\help.obj
c:\users\jjh\desktop\--\client\default\x64\debug\house.obj
c:\users\jjh\desktop\--\client\default\x64\debug\hppotion.obj
c:\users\jjh\desktop\--\client\default\x64\debug\loading.obj
c:\users\jjh\desktop\--\client\default\x64\debug\mpbar.obj
c:\users\jjh\desktop\--\client\default\x64\debug\fire.obj
c:\users\jjh\desktop\--\client\default\x64\debug\firedragon.obj
c:\users\jjh\desktop\--\client\default\x64\debug\firespear.obj
c:\users\jjh\desktop\--\client\default\x64\debug\hit.obj
c:\users\jjh\desktop\--\client\default\x64\debug\hpbar.obj
c:\users\jjh\desktop\--\client\default\x64\debug\iconbar.obj
c:\users\jjh\desktop\--\client\default\x64\debug\inventory.obj
c:\users\jjh\desktop\--\client\default\x64\debug\inventoryicon.obj
c:\users\jjh\desktop\--\client\default\x64\debug\levelup.obj
c:\users\jjh\desktop\--\client\default\x64\debug\level_gameplay.obj
c:\users\jjh\desktop\--\client\default\x64\debug\level_loading.obj
c:\users\jjh\desktop\--\client\default\x64\debug\level_logo.obj
c:\users\jjh\desktop\--\client\default\x64\debug\alligator.obj
c:\users\jjh\desktop\--\client\default\x64\debug\angry.obj
c:\users\jjh\desktop\--\client\default\x64\debug\background.obj
c:\users\jjh\desktop\--\client\default\x64\debug\backgroundrect.obj
c:\users\jjh\desktop\--\client\default\x64\debug\backgroundtree.obj
c:\users\jjh\desktop\--\client\default\x64\debug\bigfoot.obj
c:\users\jjh\desktop\--\client\default\x64\debug\camera_dynamic.obj
c:\users\jjh\desktop\--\client\default\x64\debug\defaultattack.obj
c:\users\jjh\desktop\--\client\default\x64\debug\default_npc.obj
c:\users\jjh\desktop\--\client\default\x64\debug\dmgfont.obj
c:\users\jjh\desktop\--\client\default\x64\debug\elderwilow.obj
c:\users\jjh\desktop\--\client\default\x64\debug\engineer.obj
c:\users\jjh\desktop\--\client\default\x64\debug\equipicon.obj
c:\users\jjh\desktop\--\client\bin\client.ilk
c:\users\jjh\desktop\--\client\bin\client.exe
c:\users\jjh\desktop\--\client\bin\client.pdb
c:\users\jjh\desktop\--\client\default\x64\debug\client.res
c:\users\jjh\desktop\--\client\default\..\bin\client.exe
c:\users\jjh\desktop\--\client\default\x64\debug\client.tlog\cl.command.1.tlog
c:\users\jjh\desktop\--\client\default\x64\debug\client.tlog\cl.read.1.tlog
c:\users\jjh\desktop\--\client\default\x64\debug\client.tlog\cl.write.1.tlog
c:\users\jjh\desktop\--\client\default\x64\debug\client.tlog\link.command.1.tlog
c:\users\jjh\desktop\--\client\default\x64\debug\client.tlog\link.read.1.tlog
c:\users\jjh\desktop\--\client\default\x64\debug\client.tlog\link.write.1.tlog
c:\users\jjh\desktop\--\client\default\x64\debug\client.tlog\rc.command.1.tlog
c:\users\jjh\desktop\--\client\default\x64\debug\client.tlog\rc.read.1.tlog
c:\users\jjh\desktop\--\client\default\x64\debug\client.tlog\rc.write.1.tlog
