  Tree.cpp
c:\users\jjh\desktop\--\client\private\tree.cpp(4): error C2653: 'CTree': 클래스 또는 네임스페이스 이름이 아닙니다.
c:\users\jjh\desktop\--\client\private\tree.cpp(5): error C4430: 형식 지정자가 없습니다. int로 가정합니다. 참고: C++에서는 기본 int를 지원하지 않습니다.
c:\users\jjh\desktop\--\client\private\tree.cpp(6): error C2550: 'CTree': 생성자 이니셜라이저 목록은 생성자 정의에만 사용할 수 있습니다.
c:\users\jjh\desktop\--\client\private\tree.cpp(7): warning C4508: 'CTree': 함수는 값을 반환해야 하므로 'void' 반환 형식으로 간주됩니다.
c:\users\jjh\desktop\--\client\private\tree.cpp(9): error C2653: 'CTree': 클래스 또는 네임스페이스 이름이 아닙니다.
c:\users\jjh\desktop\--\client\private\tree.cpp(9): error C4430: 형식 지정자가 없습니다. int로 가정합니다. 참고: C++에서는 기본 int를 지원하지 않습니다.
c:\users\jjh\desktop\--\client\private\tree.cpp(9): error C2143: 구문 오류: ','이(가) '*' 앞에 없습니다.
c:\users\jjh\desktop\--\client\private\tree.cpp(10): error C4430: 형식 지정자가 없습니다. int로 가정합니다. 참고: C++에서는 기본 int를 지원하지 않습니다.
c:\users\jjh\desktop\--\client\private\tree.cpp(10): error C2065: 'rhs': 선언되지 않은 식별자입니다.
c:\users\jjh\desktop\--\client\private\tree.cpp(11): error C2550: 'CTree': 생성자 이니셜라이저 목록은 생성자 정의에만 사용할 수 있습니다.
c:\users\jjh\desktop\--\client\private\tree.cpp(12): warning C4508: 'CTree': 함수는 값을 반환해야 하므로 'void' 반환 형식으로 간주됩니다.
c:\users\jjh\desktop\--\client\private\tree.cpp(14): error C2653: 'CTree': 클래스 또는 네임스페이스 이름이 아닙니다.
c:\users\jjh\desktop\--\client\private\tree.cpp(19): error C2653: 'CTree': 클래스 또는 네임스페이스 이름이 아닙니다.
c:\users\jjh\desktop\--\client\private\tree.cpp(24): error C2653: 'CTree': 클래스 또는 네임스페이스 이름이 아닙니다.
c:\users\jjh\desktop\--\client\private\tree.cpp(28): error C2653: 'CTree': 클래스 또는 네임스페이스 이름이 아닙니다.
c:\users\jjh\desktop\--\client\private\tree.cpp(32): error C2653: 'CTree': 클래스 또는 네임스페이스 이름이 아닙니다.
c:\users\jjh\desktop\--\client\private\tree.cpp(37): error C2653: 'CTree': 클래스 또는 네임스페이스 이름이 아닙니다.
c:\users\jjh\desktop\--\client\private\tree.cpp(42): error C2653: 'CTree': 클래스 또는 네임스페이스 이름이 아닙니다.
c:\users\jjh\desktop\--\client\private\tree.cpp(47): error C2653: 'CTree': 클래스 또는 네임스페이스 이름이 아닙니다.
c:\users\jjh\desktop\--\client\private\tree.cpp(52): error C2653: 'CTree': 클래스 또는 네임스페이스 이름이 아닙니다.
c:\users\jjh\desktop\--\client\private\tree.cpp(56): error C2653: 'CTree': 클래스 또는 네임스페이스 이름이 아닙니다.
c:\users\jjh\desktop\--\client\private\tree.cpp(60): error C2143: 구문 오류: ';'이(가) '*' 앞에 없습니다.
c:\users\jjh\desktop\--\client\private\tree.cpp(60): error C4430: 형식 지정자가 없습니다. int로 가정합니다. 참고: C++에서는 기본 int를 지원하지 않습니다.
c:\users\jjh\desktop\--\client\private\tree.cpp(60): error C2365: 'CTree': 재정의: 이전 정의는 '함수'입니다.
c:\users\jjh\desktop\--\client\private\tree.cpp(60): error C2653: 'CTree': 클래스 또는 네임스페이스 이름이 아닙니다.
c:\users\jjh\desktop\--\client\private\tree.cpp(61): error C4430: 형식 지정자가 없습니다. int로 가정합니다. 참고: C++에서는 기본 int를 지원하지 않습니다.
c:\users\jjh\desktop\--\client\private\tree.cpp(61): error C2059: 구문 오류: '{'
c:\users\jjh\desktop\--\client\private\tree.cpp(61): error C2143: 구문 오류: ';'이(가) '{' 앞에 없습니다.
c:\users\jjh\desktop\--\client\private\tree.cpp(61): error C2447: '{': 함수 헤더가 없습니다. 이전 스타일의 형식 목록입니까?
c:\users\jjh\desktop\--\client\private\tree.cpp(65): error C2653: 'CTree': 클래스 또는 네임스페이스 이름이 아닙니다.
c:\users\jjh\desktop\--\client\private\tree.cpp(70): error C2653: 'CTree': 클래스 또는 네임스페이스 이름이 아닙니다.
c:\users\jjh\desktop\--\client\private\tree.cpp(75): error C2653: 'CTree': 클래스 또는 네임스페이스 이름이 아닙니다.
