  GameInstance.cpp
  코드를 생성하고 있습니다...
  건너뛰고 있습니다... (관련된 변경 내용 없음)
  Level_Manager.cpp
  GameObject.cpp
  CollisionMgr.cpp
  Collider.cpp
     ..\Bin\Engine.lib 라이브러리 및 ..\Bin\Engine.exp 개체를 생성하고 있습니다.
VIBuffer_WingRect.obj : warning LNK4099: 'vc140.pdb' PDB를 'VIBuffer_WingRect.obj' 또는 'C:\Users\603jh\Desktop\--\Engine\Bin\vc140.pdb'에서 찾을 수 없습니다. 디버그 정보가 없는 것처럼 개체를 링크합니다.
VIBuffer_Terrain.obj : warning LNK4099: 'vc140.pdb' PDB를 'VIBuffer_Terrain.obj' 또는 'C:\Users\603jh\Desktop\--\Engine\Bin\vc140.pdb'에서 찾을 수 없습니다. 디버그 정보가 없는 것처럼 개체를 링크합니다.
VIBuffer_RectLeft.obj : warning LNK4099: 'vc140.pdb' PDB를 'VIBuffer_RectLeft.obj' 또는 'C:\Users\603jh\Desktop\--\Engine\Bin\vc140.pdb'에서 찾을 수 없습니다. 디버그 정보가 없는 것처럼 개체를 링크합니다.
VIBuffer_Rect2.obj : warning LNK4099: 'vc140.pdb' PDB를 'VIBuffer_Rect2.obj' 또는 'C:\Users\603jh\Desktop\--\Engine\Bin\vc140.pdb'에서 찾을 수 없습니다. 디버그 정보가 없는 것처럼 개체를 링크합니다.
VIBuffer_Rect.obj : warning LNK4099: 'vc140.pdb' PDB를 'VIBuffer_Rect.obj' 또는 'C:\Users\603jh\Desktop\--\Engine\Bin\vc140.pdb'에서 찾을 수 없습니다. 디버그 정보가 없는 것처럼 개체를 링크합니다.
VIBuffer_Cube.obj : warning LNK4099: 'vc140.pdb' PDB를 'VIBuffer_Cube.obj' 또는 'C:\Users\603jh\Desktop\--\Engine\Bin\vc140.pdb'에서 찾을 수 없습니다. 디버그 정보가 없는 것처럼 개체를 링크합니다.
VIBuffer.obj : warning LNK4099: 'vc140.pdb' PDB를 'VIBuffer.obj' 또는 'C:\Users\603jh\Desktop\--\Engine\Bin\vc140.pdb'에서 찾을 수 없습니다. 디버그 정보가 없는 것처럼 개체를 링크합니다.
Transform.obj : warning LNK4099: 'vc140.pdb' PDB를 'Transform.obj' 또는 'C:\Users\603jh\Desktop\--\Engine\Bin\vc140.pdb'에서 찾을 수 없습니다. 디버그 정보가 없는 것처럼 개체를 링크합니다.
Timer_Manager.obj : warning LNK4099: 'vc140.pdb' PDB를 'Timer_Manager.obj' 또는 'C:\Users\603jh\Desktop\--\Engine\Bin\vc140.pdb'에서 찾을 수 없습니다. 디버그 정보가 없는 것처럼 개체를 링크합니다.
Timer.obj : warning LNK4099: 'vc140.pdb' PDB를 'Timer.obj' 또는 'C:\Users\603jh\Desktop\--\Engine\Bin\vc140.pdb'에서 찾을 수 없습니다. 디버그 정보가 없는 것처럼 개체를 링크합니다.
Texture.obj : warning LNK4099: 'vc140.pdb' PDB를 'Texture.obj' 또는 'C:\Users\603jh\Desktop\--\Engine\Bin\vc140.pdb'에서 찾을 수 없습니다. 디버그 정보가 없는 것처럼 개체를 링크합니다.
Picking.obj : warning LNK4099: 'vc140.pdb' PDB를 'Picking.obj' 또는 'C:\Users\603jh\Desktop\--\Engine\Bin\vc140.pdb'에서 찾을 수 없습니다. 디버그 정보가 없는 것처럼 개체를 링크합니다.
Level.obj : warning LNK4099: 'vc140.pdb' PDB를 'Level.obj' 또는 'C:\Users\603jh\Desktop\--\Engine\Bin\vc140.pdb'에서 찾을 수 없습니다. 디버그 정보가 없는 것처럼 개체를 링크합니다.
KeyMgr.obj : warning LNK4099: 'vc140.pdb' PDB를 'KeyMgr.obj' 또는 'C:\Users\603jh\Desktop\--\Engine\Bin\vc140.pdb'에서 찾을 수 없습니다. 디버그 정보가 없는 것처럼 개체를 링크합니다.
Input_Device.obj : warning LNK4099: 'vc140.pdb' PDB를 'Input_Device.obj' 또는 'C:\Users\603jh\Desktop\--\Engine\Bin\vc140.pdb'에서 찾을 수 없습니다. 디버그 정보가 없는 것처럼 개체를 링크합니다.
Graphic_Device.obj : warning LNK4099: 'vc140.pdb' PDB를 'Graphic_Device.obj' 또는 'C:\Users\603jh\Desktop\--\Engine\Bin\vc140.pdb'에서 찾을 수 없습니다. 디버그 정보가 없는 것처럼 개체를 링크합니다.
Component_Manager.obj : warning LNK4099: 'vc140.pdb' PDB를 'Component_Manager.obj' 또는 'C:\Users\603jh\Desktop\--\Engine\Bin\vc140.pdb'에서 찾을 수 없습니다. 디버그 정보가 없는 것처럼 개체를 링크합니다.
Component.obj : warning LNK4099: 'vc140.pdb' PDB를 'Component.obj' 또는 'C:\Users\603jh\Desktop\--\Engine\Bin\vc140.pdb'에서 찾을 수 없습니다. 디버그 정보가 없는 것처럼 개체를 링크합니다.
Base.obj : warning LNK4099: 'vc140.pdb' PDB를 'Base.obj' 또는 'C:\Users\603jh\Desktop\--\Engine\Bin\vc140.pdb'에서 찾을 수 없습니다. 디버그 정보가 없는 것처럼 개체를 링크합니다.
  Engine.vcxproj -> C:\Users\603jh\Desktop\--\Engine\Default\..\Bin\Engine.dll
  Engine.vcxproj -> ..\Bin\Engine.pdb (Full PDB)
